<?xml version="1.0" encoding="UTF-8"?>
<!-- Generated by org.testng.reporters.JUnitReportReporter -->
<testsuite hostname="VISH" failures="0" tests="1" name="com.zalenium.testng.tests.FileDownloadTest" time="25.238" errors="0" timestamp="09 Nov 2021 13:51:58 GMT" skipped="0">
  <testcase classname="com.zalenium.testng.tests.FileDownloadTest" name="FileUploadTest" time="25.238"/>
</testsuite> <!-- com.zalenium.testng.tests.FileDownloadTest -->
