<?xml version="1.0" encoding="UTF-8"?>
<!-- Generated by org.testng.reporters.JUnitReportReporter -->
<testsuite hostname="VISH" failures="0" tests="1" name="com.zalenium.dummy.OtherSiteDownloadTest" time="23.866" errors="0" timestamp="05 Nov 2021 22:39:08 GMT" skipped="0">
  <testcase classname="com.zalenium.dummy.OtherSiteDownloadTest" name="FileUploadTest" time="23.866"/>
</testsuite> <!-- com.zalenium.dummy.OtherSiteDownloadTest -->
